<?xml version="1.0" encoding="UTF-8"?>
<testsuites>
  <testsuite name="CLI Arguments" tests="1" assertions="1" errors="0" failures="0" skipped="0" time="0.005340">
    <testsuite name="Test\DiamondTest" file="C:\laragon\www\advent-of-craft\exercise\day22\tests\DiamondTest.php" tests="1" assertions="1" errors="0" failures="0" skipped="0" time="0.005340">
      <testcase name="test" file="C:\laragon\www\advent-of-craft\exercise\day22\tests\DiamondTest.php" line="18" class="Test\DiamondTest" classname="Test.DiamondTest" assertions="1" time="0.005340"/>
    </testsuite>
  </testsuite>
</testsuites>
