<?xml version="1.0" encoding="UTF-8"?>
<testsuites>
  <testsuite name="CLI Arguments" tests="1" assertions="7" errors="0" failures="0" skipped="0" time="0.017068">
    <testsuite name="Test\DiamondTest" file="C:\laragon\www\advent-of-craft\exercise\day22\tests\DiamondTest.php" tests="1" assertions="7" errors="0" failures="0" skipped="0" time="0.017068">
      <testcase name="test_proprety_based" file="C:\laragon\www\advent-of-craft\exercise\day22\tests\DiamondTest.php" line="26" class="Test\DiamondTest" classname="Test.DiamondTest" assertions="7" time="0.017068"/>
    </testsuite>
  </testsuite>
</testsuites>
