<?xml version="1.0" encoding="UTF-8"?>
<testsuites>
  <testsuite name="CLI Arguments" tests="1" assertions="10" errors="0" failures="0" skipped="0" time="0.016577">
    <testsuite name="Test\DiamondTest" file="C:\laragon\www\advent-of-craft\exercise\day22\tests\DiamondTest.php" tests="1" assertions="10" errors="0" failures="0" skipped="0" time="0.016577">
      <testcase name="test_proprety_based" file="C:\laragon\www\advent-of-craft\exercise\day22\tests\DiamondTest.php" line="26" class="Test\DiamondTest" classname="Test.DiamondTest" assertions="10" time="0.016577"/>
    </testsuite>
  </testsuite>
</testsuites>
