<?xml version="1.0" encoding="UTF-8"?>
<testsuites>
  <testsuite name="CLI Arguments" tests="1" assertions="1" errors="0" failures="0" skipped="0" time="0.012308">
    <testsuite name="Test\Test" file="C:\laragon\www\advent-of-craft\exercise\day22\tests\Test.php" tests="1" assertions="1" errors="0" failures="0" skipped="0" time="0.012308">
      <testcase name="test" file="C:\laragon\www\advent-of-craft\exercise\day22\tests\Test.php" line="9" class="Test\Test" classname="Test.Test" assertions="1" time="0.012308"/>
    </testsuite>
  </testsuite>
</testsuites>
